<?xml version="1.0" encoding="UTF-8"?>
<!-- Generated by org.testng.reporters.JUnitReportReporter -->
<testsuite skipped="0" hostname="LAPTOP-ENTG8N4K" name="Testcases.ReadOneProduct" tests="1" failures="0" timestamp="16 Jun 2022 22:46:53 GMT" time="2.915" errors="0">
  <testcase name="readOneProduct" time="2.915" classname="Testcases.ReadOneProduct"/>
</testsuite> <!-- Testcases.ReadOneProduct -->
