<?xml version="1.0" encoding="UTF-8"?>
<!-- Generated by org.testng.reporters.JUnitReportReporter -->
<testsuite skipped="0" hostname="LAPTOP-ENTG8N4K" name="Testcases.CreateNewProduct" tests="3" failures="0" timestamp="16 Jun 2022 23:20:05 GMT" time="6.258" errors="0">
  <testcase name="CreateNewProduct" time="4.055" classname="Testcases.CreateNewProduct"/>
  <testcase name="readAllProducts" time="1.538" classname="Testcases.CreateNewProduct"/>
  <testcase name="readOneProduct" time="0.665" classname="Testcases.CreateNewProduct"/>
</testsuite> <!-- Testcases.CreateNewProduct -->
