<?xml version="1.0" encoding="UTF-8"?>
<!-- Generated by org.testng.reporters.JUnitReportReporter -->
<testsuite skipped="0" hostname="LAPTOP-ENTG8N4K" name="Testcases.ReadAllproducts" tests="1" failures="0" timestamp="16 Jun 2022 22:51:02 GMT" time="3.808" errors="0">
  <testcase name="readAllProducts" time="3.808" classname="Testcases.ReadAllproducts"/>
</testsuite> <!-- Testcases.ReadAllproducts -->
